3464
31998 14300
31912 4941
31541 -13559
25148 -16832
18573 -19488
16215 -20299
-8816 24010
29933 -18676
29746 -24391
27883 -27617
25767 -28853
21327 -30012
14911 -30919
17309 29089
-29324 20239
-28416 29328
-24291 30862
-3762 31507
-1466 30072
31698 -20321
23155 -30243
-2027 26837
-198 27866
8416 31452
24120 31776
25569 29129
25747 27985
14124 13613
840 -276
-16122 26150
16033 28036
31375 26734
26089 14508
9863 1091
-30822 13740
-30899 20647
-30589 26012
19480 25661
23112 23779
30055 17378
28585 -11262
-31826 12253
-31642 19009
-31161 20603
-27657 28097
-16289 30964
-10668 30151
-13891 16747
-16318 7151
-14378 21710
-7807 29829
1702 31591
12441 31790
17927 25040
31816 -23323
22610 -30617
-7899 29148
23758 31819
25375 31555
26451 31334
31344 27024
29411 21244
28261 19712
-16235 21343
4067 31579
11592 29895
31885 23538
31489 -25228
30853 -27853
28510 -29594
-31896 15428
-31228 21992
-27884 28746
27883 29915
30560 28664
31586 19709
31575 19493
13742 4462
-24447 23086
28812 9975
30271 9584
28860 4444
8685 -8313
-30677 20250
-21763 26213
-7350 31367
3410 31801
27447 -1108
30476 -6785
31138 -16091
14584 -26666
30874 21600
-30940 23180
-21722 30257
-7680 31735
6549 31491
11203 30207
-17035 -12451
31236 -26720
22865 -31164
5715 15237
15896 28132
27262 31635
31207 24673
25919 11418
435 -10095
25516 15870
30184 17456
31698 -204
31962 -5047
28114 -13590
15106 -20013
-17397 20519
19688 31360
25281 28734
31626 25423
30928 -12821
30321 -15992
6818 -22292
-19034 11003
30650 -18998
27356 -22671
-31853 6911
-31329 17316
15866 -24600
15857 -25260
-28009 7958
30174 -25260
30502 -28556
22002 -31332
16583 -31577
-31679 25987
-27948 27136
29205 -1178
30329 -2304
31249 -10110
31486 -26403
30576 -29076
-30774 18705
-22609 31345
-12710 31924
6458 31124
14272 30349
31676 -24804
22902 -28608
-31180 14640
-27552 12902
26706 -15309
10719 -29571
25160 30695
29523 29986
25717 16345
-31468 11000
31855 17220
24001 7578
8812 -4153
-30769 28362
-25621 31298
-18544 31861
21652 31598
23115 31497
25615 30455
21394 23992
19990 22092
-25325 28625
31584 31404
31733 17751
30456 -4834
20878 -25909
6744 -27926
-31929 20944
-27413 26979
-22959 27636
-19543 27958
-6556 27304
28404 21290
29945 17157
31396 7257
31835 2549
31790 -5765
31493 -20667
19845 -23938
6790 -26555
1108 -27453
31662 -5515
31816 -30388
16398 -31227
-30357 14763
-16395 31186
30401 -20867
14853 -27046
11562 -27590
-5067 -29393
-25118 20981
-17763 22780
29777 -28574
29388 -30248
-10194 -31558
18830 17933
31568 29122
30922 19863
27958 16555
-31940 27135
-30978 28033
-18216 31963
26952 29356
29063 -1831
24423 -12842
20556 -19833
-10366 -28088
-21028 -30202
4969 28536
6163 29441
10355 31864
25588 30781
31365 28394
31712 8637
31478 -2451
17292 -11654
-29905 13549
-28177 24330
-22886 17164
-26440 -29347
23244 5163
15761 -11723
12592 -14498
-30898 18024
-29955 30824
-26294 30349
-13217 24417
31654 -8225
31685 -9669
31458 -25907
26499 -29868
17964 -30722
-30703 24489
-15050 30946
-18498 15025
-22764 -2546
-27514 22736
-19059 30857
-4335 31192
29810 11328
31899 -3448
31256 -14364
31005 -15102
24359 -25069
23993 -25590
-30465 14076
-30286 15673
-28635 26261
-27561 30725
-3202 31669
30638 31253
31713 30439
23416 11598
-2747 -10680
-25439 15038
-17652 25811
29956 19332
30129 -9516
28584 -19813
23365 -31305
-18756 20949
-17097 25505
-1232 30416
7003 29157
14744 25764
12591 -20624
8171 -25537
-30589 27971
-22201 30784
-6931 31084
16123 29809
26165 28732
31942 -9342
31512 -20452
29960 -26339
3872 -29194
17802 16958
-31089 23967
-29736 31436
29965 24670
31629 19773
31940 17079
31862 8203
29917 6723
20499 333
-27230 18581
29521 3849
31463 -5393
28644 -18110
27111 -20628
23460 -24861
13221 -31694
-31953 24272
-23745 28830
25010 5293
26827 -1727
30548 -16920
31661 -28384
30715 -30148
19949 -31482
-31451 30868
-17203 31933
-14157 31737
-10796 30674
-10942 30016
-15145 15513
-21107 -3394
-27898 -24727
-15861 13164
-12361 23958
-10751 28560
-9250 31180
-3562 28168
28850 8275
30237 -985
26590 -10274
9934 -21159
-5835 27996
-2721 30649
-582 31678
674 31117
-998 27202
-12555 3756
-3909 29954
-254 31626
3770 30367
27492 -23519
-3524 17870
4984 30861
5870 30490
2710 23127
-2875 13767
-5605 25543
-5317 26035
-1481 30488
17639 30646
21859 30364
22360 29136
31528 -18543
23105 -31071
-3121 23417
1728 30889
29303 30188
27793 26294
16916 12612
13611 9433
-2670 -6104
-17113 -19682
-24443 12422
-22645 15329
21519 16128
29648 -20767
27389 -28404
-10024 16475
-5767 25596
-76 30590
14940 28146
10024 20984
-27811 24506
-27175 31176
-16270 31585
1803 30993
10988 30202
20915 26146
29950 19541
28671 -3507
21166 -15856
11995 -27370
-25412 12373
-16567 27380
-12559 30993
-2754 31892
12581 30067
14746 24202
12563 21316
4396 10732
17192 28623
22189 31807
22114 30450
18605 25917
1169 3846
-12955 -12341
11702 21854
22068 26743
28824 29575
30387 30215
31969 21427
29669 18587
26505 15704
17941 8036
-31801 22919
-30862 29751
-26728 30769
29806 17566
30698 16660
31852 11000
31633 2642
28876 561
25803 -1216
9136 -10381
1121 26570
4641 31911
17655 31620
23872 27149
30373 20059
30532 17975
31108 1995
26600 -2128
16023 -8837
-20588 22464
-5359 24977
31688 329
31992 -478
30897 -3026
29247 -4092
20154 -9431
-28774 21353
31833 -7969
31721 -12797
31156 -23538
30814 -26490
27361 -30869
22600 -31612
-31720 12944
-31667 17090
-30481 31864
-20323 15976
-19683 2151
-24820 -16061
-25032 30277
-17749 31335
-16599 28215
-19824 13155
-29842 -30274
-17134 25988
-12753 29620
-11345 30060
-9325 30544
-3195 27913
30179 -14025
30600 -26843
24796 -28357
20544 23130
-30582 11078
-28808 31077
-15313 31451
-5351 27775
21049 -30754
18947 -31411
21791 15400
27530 12776
26815 12178
-24186 11647
-9581 31506
1888 31551
12055 31037
12901 28407
23610 -18289
19248 -19777
2174 21887
7431 28778
12642 31661
17544 31016
-1888 4731
-25984 -26480
11365 25200
21274 30272
4790 8876
-8634 -6848
-22283 31057
21377 30791
27673 27599
29379 25392
29885 -9117
28706 -17680
10680 -25995
-31729 25523
-22085 31532
-16794 31363
1792 30605
6579 30125
20701 26814
29734 23967
30547 18972
31361 -5401
31352 -25197
30207 -30619
12714 -31127
-29891 30379
-25085 30923
-3140 28631
-6941 15862
-14094 -245
-23204 -19278
-24952 9815
-23003 18972
23669 -17896
29662 -24446
30581 -29947
-23330 12305
-19975 29398
-14965 30900
-12183 29933
-3564 19423
20319 -13133
20196 -15846
-9750 30128
29899 -19225
28273 -21454
-9881 31957
11191 31477
11379 29656
-13285 -8111
5881 24134
13319 29118
23659 31891
31074 16868
31628 10453
31969 -72
31204 -28775
27277 -29787
19448 24223
-31850 25705
-29910 30904
-20352 29926
10899 -31545
-31145 23916
-30883 31066
-12830 28677
28469 -10185
31685 -18987
30356 -28386
28420 -29700
-30974 20622
-29292 23843
-4588 14490
31231 -26097
24512 -29304
-29584 13168
-25359 20782
-667 27823
-3157 21501
-24153 -20138
30209 -26131
25430 -28733
9834 -31983
-6972 29947
8401 31807
13090 31025
10196 24312
8492 21255
1045 10867
-22433 30856
-22206 31746
7592 31890
31965 -16761
15767 -31738
8731 29814
15277 31046
26448 30988
31030 30653
31718 27644
31194 24901
27392 20914
15159 9537
10929 5657
-26476 26186
30294 18703
31584 14576
29535 10718
20051 2526
-29944 22160
29705 9355
29878 6537
26307 3271
-19172 20891
-12583 21049
31465 2644
31268 2139
22787 -5970
21248 -6905
-31967 5274
-30733 26397
-25968 27724
-9849 31830
918 28937
30906 13454
31522 108
28522 -4599
27031 -5828
24643 -7465
12062 -15044
-28415 30477
-16682 28375
13159 17350
25635 10011
30937 -9381
31270 -24748
31175 -27853
18785 -31346
-31885 29464
-30192 30038
-27307 30698
-25695 30787
-11508 30929
15705 20194
31223 -6829
30162 -12955
24524 -17981
15712 -25593
4720 25670
9198 31633
28688 31682
29970 31525
30570 29044
31526 17408
26132 13047
-14688 31715
31582 13034
31179 10304
30615 7198
26093 2437
-28011 14482
30202 5043
16128 -5353
-21471 24408
30780 703
31174 -5053
31690 -22547
30727 -28062
20616 -28936
18574 14580
28321 22486
29518 23370
31414 24217
26926 17658
-31523 19047
-31607 31139
4413 -30003
26756 31676
31000 27141
31941 20699
25873 3944
17753 -1445
27887 16199
30799 12606
14386 -303
8948 -4494
-31429 30935
28767 14491
31896 11238
31930 2152
27687 -23342
9116 -28561
-20322 26179
27192 -10446
29918 -14388
30963 -18910
31067 -20380
29710 -27219
-10363 -30426
27730 14217
30333 9673
31515 315
31405 -6379
30681 -17468
27323 -23185
16117 -25331
-29087 20780
-28421 27766
-16397 30786
30432 -24784
29779 -25555
25556 -26058
-28267 15135
31573 -26224
25386 -29578
17580 -30153
-24989 19043
-22136 29473
-19766 31652
-20331 23351
-20734 18092
-25858 -9681
-20729 18497
-19037 23766
-17187 29448
-13584 31925
-7043 31095
-1642 29836
23309 -14710
20212 -21466
-1019 27178
30772 -17867
26133 -24111
-2111 21898
9805 31910
-21752 -18496
-622 21741
5267 31478
12095 31518
25337 31088
25521 30457
19185 22420
21721 26803
21987 27036
28716 31209
28938 28142
22092 11134
17437 4127
-24711 29330
30282 28469
31492 27701
31697 13696
31323 3843
26114 -29487
8381 -31756
17108 30013
29344 28486
24325 23140
-30082 31209
-10486 31769
24049 -1579
24157 -4197
-12840 19871
-10294 25421
-9239 27328
-6736 29991
-5266 31451
16664 31988
31744 27257
30695 618
28320 -3139
18778 29803
22232 31289
22890 31323
26013 30481
24600 -21306
17507 -27282
26393 31013
31496 31948
31579 28186
31647 10540
27587 -12824
3381 -22372
15204 14813
25198 24388
31849 30545
21803 -1955
20802 -3775
-22254 30451
-20962 30848
29839 26185
31252 25402
31882 23177
31277 15298
28152 7444
14752 -4212
-30916 23322
27732 2967
31620 434
31898 -11562
22188 -16341
-31805 26553
-7604 31606
31879 24144
30827 19600
25058 5191
15670 -1671
-29918 28193
30590 17897
31669 10618
31664 9680
23359 -852
18806 -5088
-27431 25130
29786 7281
31652 5430
31608 3437
26183 -1892
24484 -2871
-29441 22986
-12860 28412
30086 -129
24369 -23656
-31926 13096
-24184 18444
28442 -2639
28763 -5579
23362 -9552
16153 -12646
-22918 17963
31326 -5787
31529 -11299
29831 -27374
23575 -31250
10727 -31143
20511 24474
-29747 21062
-29329 29663
-23749 30886
-20349 27970
13008 -9623
10754 -31084
-23008 22131
-16406 29157
-14621 30456
8851 31723
30705 -12227
31318 -15441
21491 -29941
15150 -31885
6543 -31929
-27048 30457
-2992 31008
18258 31430
18760 31206
-31892 28279
-29727 30157
-15963 31522
-9081 31396
29856 -29273
26256 -31182
24742 -31340
-30050 25021
-13905 29668
2526 31564
5898 31184
12510 27430
31313 -20261
29634 -28827
14053 -30917
-31438 19367
-12603 31250
6992 27859
-28525 29078
-27761 31133
24239 27576
28658 27111
29328 26839
-21888 29424
-11121 30983
30451 24965
31664 16967
31476 12653
28964 5387
18155 -1607
-16482 21338
30834 4292
30993 -26857
28818 -28113
28132 -28219
10334 -29533
-29809 24335
-4311 17400
29809 -24337
-4470 -29020
18492 29112
26306 22389
20113 14846
13269 8328
-28231 26702
-26319 29325
-10449 31297
3464 31895
14796 31157
10609 24486
-31440 19419
16778 31624
18950 31955
19862 31842
23931 30715
27244 28181
-19521 -20876
16535 18172
24123 26163
30872 31305
29609 29913
24785 24859
-31276 14751
-22248 22324
-13539 27512
-10699 28603
29780 28544
30528 18919
27078 15847
-24926 27134
29054 24770
31178 21793
31224 20735
31383 14513
30911 14033
-20414 17764
-4131 30061
15762 30648
31183 11238
30613 9768
29344 7193
27044 5168
19028 -81
-26506 23102
17557 30853
25225 24220
23743 6701
13421 -2897
11566 -4169
-25542 22546
29723 4293
31943 3233
31993 -24345
30016 -26846
26668 -27657
19391 -28684
-29527 11653
-28779 16609
-27560 21708
31801 -30476
20740 -31322
20909 24885
29976 20937
28449 -7233
20759 -30062
25635 19020
-31271 15476
-28993 30217
-20192 31800
-19705 31804
-1546 31852
28841 31423
29263 30543
30773 23329
30003 21422
20317 12766
-28963 10887
31444 18924
13152 2951
-27900 24768
-22875 27230
31990 12540
31852 7227
31256 -8733
29928 -18494
20745 -23717
18495 -24372
-21524 21909
-19549 29471
25013 -10190
27271 -14260
17591 -23636
-18209 -28447
20921 -16974
23748 -18316
31029 -24526
15504 -27943
12261 -28421
-7139 31193
5962 31412
8759 30757
15708 28644
16546 26490
4776 10219
-10222 -8102
7734 22578
13702 25931
26895 31420
27796 31172
29320 30539
31245 27325
31546 15383
29780 -10923
22889 -17141
10499 -24666
-31416 21649
-30849 31983
-19643 31666
-17212 31104
-7320 27049
30857 -18309
25885 -23427
6484 -27643
-8823 -29906
-31579 30253
23238 -28858
3593 -30512
-15295 29539
3646 31495
14287 29966
25073 28379
25781 25407
28459 10815
25442 -7742
9198 -16972
-22544 30439
340 31534
22035 30684
29919 29780
30730 20746
20470 7976
13690 955
9170 -3020
-23419 30495
29527 5810
31833 -9480
30947 -21120
6848 -25425
-23726 29098
-14808 30265
-8159 29406
-24830 -31141
12946 -25183
31057 -22987
31602 -24521
31466 -25659
27983 -26442
20518 -27469
-29550 14437
27592 -1859
31951 -24252
16390 -28192
5750 -29135
-16857 24542
-8923 25662
31821 -30433
24729 -30807
7497 30894
22324 27704
-31961 27517
-31909 30147
-29613 31172
-3094 29047
8821 27893
20140 24976
28505 16039
28402 6275
-13733 18563
-9779 25381
-1577 29297
11951 30135
24418 28966
31421 23343
31692 11133
31651 4698
30022 -11098
-8129 -25358
7635 31002
24421 25402
15212 -20081
2858 -23876
-28114 24855
-26929 30471
-23786 30892
6614 27855
28485 -8861
30884 -18630
24533 -20809
-28088 19388
-23553 18295
26517 -20588
27802 -22005
19732 -24879
4736 -28129
-68 -28698
-14262 22940
25819 -29095
22509 -30203
-2262 -31124
-16549 30344
-10774 31042
3592 27702
30128 -23028
29350 -29665
23296 -30678
-14373 -31612
-11641 15610
20014 29028
28377 27021
20901 2310
10012 -5053
-4051 20363
-1347 25729
336 27625
6667 31331
8982 31141
27050 3057
30173 -20813
-15893 27181
-12845 29618
-11317 30702
15797 31803
18024 30132
17801 -25796
-8341 30241
22877 30099
31291 29983
31194 19217
30791 -4431
15425 -30643
-21239 27111
-2923 31635
17344 31680
28702 24623
31924 20000
31755 -17885
27577 -21254
18116 -27202
-7901 -29889
4231 14840
16790 29508
23446 -28466
17247 -30392
12974 -31207
9564 -31520
9588 16753
19109 26809
27027 31966
30848 31882
31088 31603
24082 20742
9210 5727
-29859 26533
28383 28332
31909 25256
28297 8924
15562 -6200
8321 -10961
656 -15426
-31499 14239
-30990 19828
-20734 30419
31508 24594
30784 19060
29110 15762
5918 -2918
-29240 29079
31164 16079
26267 7558
11234 -3077
-20469 29819
30850 13423
31508 12369
31917 6387
28840 824
-16649 -24497
7610 30112
30755 3704
30447 -16513
1275 -24311
-31216 25010
-29145 24517
28922 -2382
31402 -3743
31562 -8246
29182 -9501
16741 -14791
-31945 17991
-30428 31496
-13890 29687
26645 -13075
25051 -14069
8672 -19525
-31899 28026
29883 -11250
31165 -12249
20175 -20531
11915 -23458
-28365 21677
30295 -10948
31722 -31114
14038 -31854
-31899 29017
-29299 31962
-11766 30955
1848 28214
29816 -14748
21354 -28378
-1560 -30047
-30898 28932
419 30834
31333 -16048
31632 -21757
4645 -28582
257 -29115
-7368 31962
17347 29848
30742 -23318
21376 -27348
3078 -29009
-30169 16537
-28305 16300
30557 -21825
31343 -26200
28138 -28179
7067 -31035
-28911 27696
-15329 31549
31364 -25718
31598 -27664
16651 -29731
-10476 -31170
30119 -28236
31637 -29770
30541 -29903
24397 -30609
19706 -31047
17277 -31179
-4166 -31557
-16354 -31771
21330 6881
26509 9803
29442 10875
30788 11173
31294 10956
31742 8363
30292 -14320
22347 -18114
-31731 20505
-26538 27173
-24541 28254
-15871 31281
-14135 30848
31476 1939
31779 -19596
29315 -23169
-937 -29882
-31479 16801
-23897 21434
12545 -9275
20760 -28334
-31423 25059
18633 -17738
5514 -31897
-30116 30684
-19914 31855
-9068 25863
31855 -1428
31275 -5484
26291 -15375
21049 -20112
10571 -23077
8203 -23601
-21584 31579
31602 -19607
23403 -21516
-23333 17641
29452 -21098
27357 -25457
23714 -29544
18658 -31251
13512 -31448
30200 19791
-31702 30044
-26301 31510
11755 27839
23013 12500
-23235 29240
-22780 29795
-21900 30741
11325 31777
30581 31187
31479 27222
28909 3455
20816 -6850
29123 14953
31065 11954
28716 9836
-3257 -13157
-11424 -18990
28487 9872
31440 6711
31338 -513
29788 -4254
24367 -7835
23174 -8443
-27121 29400
26986 -8670
29409 -11183
27829 -18572
12904 -31125
-18221 31319
-10800 31995
-7222 30408
29836 -12469
31445 -15808
31202 -16376
26518 -21078
18553 -26795
-27901 23478
31114 -20968
23320 -23648
12838 -25495
27847 27235
-22050 18824
20119 -29151
15750 -29965
8464 -30851
-26534 27081
-19786 31019
-9780 28620
25959 995
28458 -2196
31617 -8524
28153 -11229
15429 -17082
5260 -21218
-23665 31328
29577 -20079
24495 -27127
13698 -30182
2768 -31659
-7043 -31851
25759 -18103
27115 -20316
26020 -28071
5979 -29892
7975 31600
28176 -28045
23945 -29397
-5562 -31041
-26040 29783
-16866 30785
-10693 30868
31847 -25847
31986 -29196
29482 -31960
19382 -31977
23235 24851
-31333 21489
-29222 30307
-26869 31231
-3550 30816
319 28951
31866 -28534
31898 -28670
31013 -29892
18428 -30767
11591 -30964
-7705 -31449
-13518 -31595
30785 -29869
26799 -30119
20487 -30453
5438 -31078
-30434 29547
26228 -31363
22508 -31515
14253 -31668
9717 -31716
-25200 25432
25493 -31860
1756 -31929
-22092 -31982
7097 31387
16687 27330
-30679 21982
-29789 29461
-25189 30067
1010 31113
-292 -21918
-11269 -30503
-23718 -31722
-20412 27943
-19549 29835
10556 30935
14719 -31148
10673 -31913
3339 -31944
7360 28983
30384 -31971
12551 -31999
-30245 -31999
-31405 -31908
-31841 -31598
-31916 -30430
-31967 -28636
-31995 -23160
-31998 -14081
-31984 -3500
-31964 8385
-31508 1468
-30812 -16762
-31874 4735
-31957 10811
-31656 25678
31416 -16723
29488 -24516
-29664 9838
-29401 16643
-29183 22101
-27972 28675
28506 3269
30061 -17812
27496 -28604
-30664 6668
-26000 23438
-10257 30565
-4879 27705
-8944 14968
-19268 -9527
-14479 30071
-4136 30610
4067 30956
9204 30978
-10941 -2273
-16635 -11113
-1957 15883
7060 28196
-6075 3987
-17475 -13067
4924 20550
8835 23894
30215 -3433
29938 -12999
23161 -20412
-30238 16651
-28932 29550
-17560 31532
-8365 31789
21834 31811
30658 29793
31820 20275
30433 5998
29537 -1652
23302 -7287
-31370 4975
-30286 5275
26999 -8403
21864 -13851
-31422 8820
-31695 13964
-31760 21421
-31103 28885
-29722 30056
24402 1232
29230 -5032
29490 -22105
28275 -25579
31908 25991
-31093 11132
-31208 22202
-30076 31236
-24992 31722
-19916 31677
29581 6644
31129 -26569
26221 -29002
-31865 7339
-31017 15443
-29168 27728
-28281 29392
-24862 27893
28834 -19371
24299 -26633
28408 30423
-28470 10963
-27550 20702
-25945 31374
-18001 31133
-17774 22798
-17982 18383
-26456 -16642
-20397 17295
-17760 16543
26641 -14406
19452 -30912
-25101 17162
-22502 30606
-19686 30856
-10434 31338
-12418 10190
-12576 8632
-16582 -912
-21877 -13006
-18365 16468
-10508 27067
31960 -9199
31913 -17731
30213 -19656
-14192 13878
-11129 19787
-2491 29198
6775 31696
17119 27867
31133 8262
31787 -3043
29182 -24391
24739 -31356
-28066 16927
-24362 23761
-13725 29007
27011 31359
29693 26402
31381 22211
31130 -17952
25394 -23073
-31897 6728
-31989 15413
30180 -26810
17741 -28398
-31581 15849
-31610 23922
-30364 28718
-829 31861
31130 -12232
25254 -30797
-31302 9215
-28434 30093
-3141 17628
26766 -24282
26930 -27198
10373 31018
14814 26661
31352 -26418
23588 -31429
-2062 12233
-47 15215
3522 20101
18266 30033
18886 26835
15043 19447
-31070 15928
-30177 28308
-29870 26508
-30161 -24225
13447 729
25434 -26082
19280 -28702
-24880 31870
5834 31408
25859 27888
26886 26126
30529 8116
23440 -18106
10314 -27394
-8347 31008
1210 25168
28536 -21031
30949 -31321
-28042 20979
-27288 29216
-26964 30225
-7201 31819
68 30687
4917 25972
29325 -26449
963 19461
9440 27694
12976 29981
27037 28240
29429 22171
31846 13866
31093 -16717
14165 -27138
-30709 18123
-25594 29108
-23612 30567
15640 30203
24022 19405
20281 15249
-22983 14471
-13847 26403
16099 28834
-13591 -12510
-4458 23870
4879 29995
20593 31602
31208 29989
29646 27096
17125 14026
-29462 8423
-30351 9422
-27280 25417
-24490 29277
24836 31162
30421 30553
31966 -650
30846 -12922
24580 -20581
-31760 7367
-31921 28279
-30420 -21398
31116 -5972
27724 -28931
-29657 26297
-11317 29909
18879 30561
24378 26140
27065 10985
29809 -4825
31665 -16624
20390 -22810
-20242 7846
-25583 18391
-3782 29557
20272 31135
23015 24292
29237 8148
31557 -13162
22493 -24179
13984 -30561
26886 28734
30139 28279
27591 16495
-30956 13371
-30799 24570
-29732 29819
-27732 30361
27527 -7391
30197 -12152
30240 -30393
28004 -30611
-31446 13210
-30415 16325
-28889 19495
24386 29573
31893 14267
31932 -19827
31057 -23298
-7231 12427
30491 19055
-27311 5889
-25852 18223
-17238 28479
-2275 30148
29869 30008
30380 -1157
24636 -27454
23231 -28874
-25744 19349
-20767 29066
8473 31845
22272 31595
29668 28776
29850 28014
31506 9609
-31606 2655
-31903 11905
20211 13041
24749 -619
-31440 12947
-28876 15195
-11374 27961
9593 25042
11343 1715
9171 -15450
-31733 24156
-31627 28132
29844 -3632
29156 -6704
-31113 3893
-31199 11142
-28140 29310
-20323 27255
-22812 9904
-26058 -8668
-29667 12147
-24065 22111
-18430 28646
-14286 25757
30199 -24428
30384 -25958
28042 -29703
-29262 17192
-28849 22220
-24934 26018
-19379 30270
-12730 31708
18589 30762
19367 25968
12339 16766
-28865 30451
30934 26888
31166 25200
31115 9702
-4298 23720
-1706 27706
2393 30385
12378 31511
11110 18319
-24770 -25493
7433 29681
15975 31787
25662 30448
30111 23348
31431 19065
29384 -849
13094 -14020
-24393 24268
25587 6175
31245 -14094
-1745 -24806
-30781 6121
-29455 26982
-26758 27115
-20677 24708
-15202 21923
2674 -25105
-6064 -26991
-30075 9665
-27910 10462
26985 961
28857 -29278
20538 -31098
18600 -31467
-16572 12238
-12763 18888
-5331 30415
17094 31805
22029 29301
27498 20801
25940 -4159
-10871 -22468
30847 24884
29324 10206
22513 -4036
18168 -7047
-26523 29562
-18388 30640
-7290 23536
-18594 -4431
-16856 25904
-7880 28546
4090 31806
24315 31482
26094 28046
30897 17845
30011 -19402
25445 -20588
27573 30480
28329 30652
26693 27325
-30735 13356
-30595 25665
25436 23963
31202 5701
14469 -23274
-25697 18822
30544 4364
28423 -1970
-31376 7121
-15294 26431
-4409 31723
10108 31678
15434 31084
28176 -8824
28830 -11228
30807 -19976
21754 -29158
-31721 31444
-3845 30024
23282 27703
22887 11541
10843 -18508
4582 -21408
-25599 31492
-10715 24414
18654 2596
30906 -14355
28044 -18666
20456 -21684
-9289 -13331
-31043 5456
-12266 29508
30105 16513
30261 -22417
26784 -27805
14771 -29181
-28599 23398
-20474 27563
-18463 27416
-7895 24990
26932 -25588
21996 -27757
-22800 25762
-17417 31289
20282 31754
17176 25692
13708 20164
3849 8426
17900 30367
23382 30949
25965 31049
24821 27397
5865 6915
-29661 28320
25668 31994
27057 31101
29563 29445
29598 21823
25544 17627
21520 13723
-20579 19843
-14106 27085
29380 16784
31529 14715
31632 14036
31770 7959
30548 -7865
28621 -18623
22027 -29880
-30501 16920
-29670 31201
-27382 30568
13706 -9878
12032 -23892
-24202 22362
-22965 31697
-94 31301
7838 30696
13870 27713
15973 17247
11734 8880
-24455 -26389
8521 15841
16816 22486
31747 26828
31901 2063
17199 -8830
14440 -10243
-30405 22740
717 29541
23603 21685
30763 -15510
30554 -20569
25104 -25726
19560 -26761
13335 -27546
18915 28106
-25118 26343
-24101 28025
-19940 31672
12705 31596
30074 7610
12482 -31637
9207 20746
10062 21662
14480 26103
19244 30132
19628 28400
-31442 24858
-30430 28113
-24132 30829
-6742 31472
16345 17784
-5561 -6536
18094 23440
29048 18302
31550 12973
31529 -6002
22279 -14955
-28667 17565
-25940 22218
-15690 30479
20160 31556
29513 30232
22783 16098
12025 5284
-18107 26767
31182 21130
31611 -18567
30992 -26177
30542 -28459
26011 -31746
-28563 9359
-31262 16910
-29889 26443
-22575 22806
15423 -28501
-26322 16343
-20658 27456
-19986 28689
-14726 30933
8287 -21604
9852 -26996
8248 -27219
-11726 28694
-10781 31516
14453 31914
27415 30201
28854 -21564
24860 -25911
7178 19092
18821 28163
30127 26218
31434 11386
31036 -17299
30200 -27733
25480 -31333
18159 -31911
-18537 19970
2277 30921
27358 31170
31981 30109
31560 10618
30620 -5513
10925 -25072
-29441 29385
-19496 26919
25969 -12564
27413 -22202
12319 -24881
-25725 30075
-6873 31717
3126 29436
7083 26050
8916 16205
8627 15308
-24437 27325
-19440 27591
28824 849
28392 -18730
17452 -22145
26213 25107
-30694 6140
-27788 21482
-25946 18771
-10552 -4945
-17165 -17346
-20254 -21128
-27609 9795
31087 22338
29838 -820
23138 -26332
-27810 8585
-13217 18466
23047 4857
17260 -3671
-7580 30141
3590 26235
5392 19513
-1556 7817
-21061 21753
15438 29575
30077 20108
30312 5061
23524 -2187
-29706 29534
-16130 -21919
31518 2891
30318 -20656
25457 -30801
-31849 12789
-30244 29968
19034 26935
28686 25233
30620 18522
25098 7532
20187 3421
-27185 24907
-26574 30531
21179 -21400
19043 -21972
-25607 31938
2392 30389
24014 27975
28056 8679
30476 -15306
30819 -22882
27913 -27776
25102 -29774
20242 15578
-31385 10351
-185 26372
13223 9991
17139 -31212
14530 -31949
31018 24412
-31370 29984
-31120 31698
12945 29818
16633 21686
18411 16091
-15866 30188
27323 19185
29393 4567
31502 -29466
15214 -30766
-31995 19518
-30747 30677
101 20736
-3279 9420
-27595 28790
-27333 29421
-26942 30161
-20152 26414
-26147 -8895
-21849 18023
-14191 21724
1074 18267
28484 -1056
30889 -9736
31844 -24110
-26486 6319
-27231 24000
-25480 29810
-24295 30409
-23745 30572
-17374 31465
-16509 31421
-12677 28918
25308 -22604
23340 -24519
-12376 19804
-8167 31076
24850 -26179
24461 -28423
-30835 23365
-27320 29708
-4786 31712
16983 31497
25328 -24238
16469 -31294
-6439 20077
-2555 28310
-182 31386
1793 31831
5000 31378
8789 29484
-14032 -6612
6609 28530
10908 31760
31510 -20446
27138 -28473
22439 -29553
19877 -29737
2654 26382
5211 29975
9246 31207
11528 31281
14208 31312
12634 28547
-5592 2801
10204 25976
16634 30968
17971 31736
15499 28042
8909 18201
-2846 2896
-11312 -7981
11922 22576
18590 30125
21810 31880
30316 -10613
1220 5932
-26970 26351
26691 31638
30341 31648
31851 27724
31632 -4921
28347 -17748
25725 29344
-28033 25034
-24931 31518
-8063 30917
31566 21392
30373 17328
24105 12067
-26079 26281
-22732 26598
11818 28385
22852 19842
28305 14824
20588 -20671
-14844 19583
-9183 21772
25892 31708
19183 22740
-20661 23521
-19678 27687
-11094 29858
17500 17211
16224 -26722
-10534 19585
1943 31429
10285 31792
24334 29190
30466 26300
30924 7548
22196 866
-26017 25707
-18271 30746
31825 6208
31996 4170
31727 -7596
31177 -20713
22996 -24904
-13550 17940
26931 18787
31812 -15348
31353 -22286
29327 -23310
21183 -27160
19196 -28094
-31654 14053
-31002 21161
-15661 30234
-4117 30718
2582 30941
11782 30605
213 11714
-3734 5935
-14174 -9086
4382 25258
21417 30459
28401 15241
31026 7712
27723 -10043
22291 -29227
7428 -30266
-31840 29284
-31012 29361
20514 -15743
28679 -30975
4702 -31879
-27425 30610
-11430 31683
7925 31374
20983 30137
26965 19424
31739 -340
30261 -4082
12392 -25044
24005 31173
28124 29859
31279 24268
27663 -2218
22208 -11534
-3048 -22670
27793 29920
29658 26585
7994 3722
6755 2528
-28492 30045
9253 31712
17898 31586
26477 30613
27247 27686
30909 8080
69 -12243
-28391 13850
-23603 15548
16551 -721
26049 -4725
30418 -8605
19452 -12937
-31399 12187
31455 -13925
27916 -30270
-31669 30626
-31111 31546
-20740 30681
-14270 28414
23466 -9260
26693 -16193
-24090 10447
-21298 29054
-15312 30477
-4645 29983
4078 27528
3649 24767
-10425 893
-17767 -11333
-9633 25613
11260 30860
31302 29387
31668 25369
30970 10058
-25204 25785
-24081 27179
-18623 31073
13244 9901
24187 -5791
30475 -22307
31736 -30958
16965 -31397
-4829 26608
11886 30659
23854 30782
30769 -28420
23315 -28900
18899 -29167
19717 14478
20742 11346
15533 -30407
14526 -31690
-29435 18649
-28257 31068
-8833 31894
30292 31917
31816 31625
17159 16482
-31726 18370
-31664 20635
-31045 22632
-28010 31778
23705 30901
25019 27848
23649 25314
21790 22865
18666 19248
-9602 -10623
-10821 19527
-5337 29187
-2491 31460
30096 27981
31590 21431
31327 9280
30592 2270
24507 -7692
-20464 22114
-10937 25245
28905 6402
31087 -9720
28415 -13696
25177 -14826
1533 30433
2184 31197
27216 31774
30048 9559
9318 -7358
-21403 31259
29562 30758
30134 25221
31002 14052
3967 -9225
-6249 -16482
-21370 -26368
-21716 31743
5247 29198
13930 22715
31647 5196
31881 1160
31555 -19598
27656 -31444
-28683 24938
-25427 27955
-23223 28216
-9110 27101
31489 -18974
31958 -29130
13436 -30146
-30208 13754
-30065 15607
-20277 18527
-11431 20987
6632 12152
19583 -29062
17932 -29459
8303 -30487
-29047 13564
-20767 28930
-4994 30563
1960 31204
19223 30445
26200 27403
27606 25870
-17428 29245
25513 30848
29832 27196
30433 26343
-6225 29416
20999 29166
31236 28982
31934 22458
28739 11480
26472 9307
-25311 27631
31573 12552
31982 6420
30775 -14931
18710 -18390
-29127 21807
-22436 21146
31695 -17508
10104 -22739
-29648 28223
-21707 28569
120 27544
30195 -7704
31082 -15752
10029 -23274
-19674 -30044
-31844 12349
25641 -14809
31308 -21543
30070 -29333
21346 -30008
-26669 30094
-16074 30712
-21214 6033
-16626 28510
-14105 29503
-8035 30875
14594 25581
31329 21486
31291 -329
26108 -5169
23189 -6801
-31234 9862
30478 -8634
19986 -17791
3385 -24264
-31683 18764
-16583 22086
9755 -12956
-5612 -22554
-25345 30585
-8230 29116
31622 -1099
24812 -23021
7119 -25935
-28310 27106
23251 -16003
29653 -26466
7650 -30744
-22803 27648
31990 -11927
29252 -24343
-22166 10390
-14165 15583
29541 -19900
31704 -23659
28270 -27680
13005 -31829
-24159 20402
-14835 29107
-8516 31361
-5378 30413
-339 26774
21871 -26829
19814 -28721
6743 20655
27204 17755
10442 -29436
8992 31511
25779 30507
29268 26241
30485 9146
31547 -19752
20934 -28663
-30664 11188
-30226 20217
-25454 26862
14853 20582
-12984 -13745
15113 23244
24087 28603
26282 27723
19513 19997
-30404 16747
-19891 30304
-11326 31916
-5730 31993
6619 31049
25426 26143
28742 8451
29311 4217
28988 -3356
13295 -27178
-1062 26094
2201 29891
9914 31723
20770 30660
25769 28062
29366 25860
31213 7400
31657 -7826
16551 -24408
11525 27829
22022 30814
27160 29985
29373 23363
26610 14145
21768 9631
7445 -3596
3014 -7665
-30822 24914
16196 22034
21253 19222
-8770 -11326
10354 24089
15807 27491
21193 29866
21552 29915
26604 27962
30663 24826
31583 19260
31277 -1355
29812 -6461
26731 -13757
8921 -23644
-23738 27304
-13413 31816
29487 -13309
31571 -27816
27291 -28366
-26651 30277
31497 -28810
28007 -30103
21360 27728
23859 30379
27051 30481
-29757 12719
-29539 28340
-24385 31371
21043 31659
30707 31618
31467 31408
31718 29973
31348 27460
31024 26416
29503 23287
16508 11122
-15257 -18206
25266 19754
27584 20738
28728 20320
30409 18493
27434 15860
18410 8061
-5000 -11216
-31324 13418
-22293 26300
31138 17768
31419 15181
30134 11392
15954 689
-24683 26902
-22640 31690
30060 13283
31514 11262
27217 8179
19325 2610
8971 -4629
-23988 29528
29972 9819
28469 7062
9495 -5645
-26529 31059
30559 8670
31963 8081
31352 -1983
28579 -5194
24921 -8262
20666 -10164
-27116 16325
-22994 15737
29241 -7343
30889 -9909
30592 -16086
27990 -18339
15452 -21747
-12675 31617
31421 -19322
29847 -29131
16276 -31096
31325 24584
25681 -16499
24947 -18473
22487 -21460
16336 -24396
-31836 18378
-30633 28076
-27577 28418
13687 4172
11839 -18379
-26654 29206
-22026 31205
-19740 31606
-13247 31854
-7818 31902
27302 30882
25789 26603
24459 24634
19282 19210
14787 14540
-10456 30839
31606 29652
31537 25170
28273 17520
2170 -6904
-21775 20976
31457 23029
28330 18582
25766 15994
18719 9950
-10823 27753
29964 18248
24467 10651
-19970 20212
31766 17799
31926 16934
31601 -5976
14607 -28220
-22834 23379
27455 3681
-6950 -22235
31767 10997
31820 8369
31486 4886
30694 3706
10698 -8380
-31525 31232
-25280 -29200
13270 -7737
13095 -8192
-25449 24468
31678 -226
27976 -6596
-8738 -22628
29577 -3566
29123 -16535
18380 -25662
13710 -28978
-20917 28583
29750 -24662
-3199 -30298
-30611 18581
11155 -26361
9478 -27380
-28293 23073
-26691 26840
-24572 31508
-713 31056
31562 7749
31341 4457
30930 1989
-5879 -25366
-13091 -22043
31670 3791
31205 1499
25902 -3195
24106 -4417
-8437 -21038
-31464 20299
31889 -1568
31295 -4194
30239 -5714
21676 -10881
-30547 24252
30408 -7176
6786 -23786
-28422 27998
31766 -9795
31963 -18173
23006 -20741
18829 -21913
-30148 21306
30435 -8895
31208 -11083
27179 -13512
15505 -18285
-22588 19756
30841 -16699
21766 -19956
-6965 -26661
-28933 22513
29427 -22466
30439 -24146
31062 -26714
30569 -30176
19488 -31193
-31593 14810
-30725 30403
-26693 31739
-11229 30462
-5593 27454
21681 -11689
4579 -18773
-12296 -25334
-23001 21160
-22018 27433
10386 30780
31840 -14352
31166 -17237
22382 -27675
-25961 27581
30697 -15124
26618 -25806
17579 -28614
-3528 -30115
-31936 13514
-31250 28013
-19069 31014
-11410 25761
31416 -18157
31032 -23969
30167 -25375
24686 -29878
23443 -30332
11265 -30720
-31407 25163
-29802 29884
-27489 30209
20220 -21256
-25855 12217
-25431 16455
-22691 22255
-19949 27503
-15586 30988
11452 31597
18748 31101
27077 26619
29059 19705
29402 5886
29779 -11109
27001 -14469
12010 -20728
-30407 31933
-10568 26336
27588 -16079
29775 -18813
25996 -27163
-16844 10422
-5570 25837
-882 28594
11181 28776
23970 17715
31378 9089
31841 -11499
19269 -27650
-16081 21650
-13628 27342
-8246 30183
-2158 30808
23925 28468
26040 25880
30062 16943
30074 4161
18873 -24454
15885 -27254
13023 19101
20299 24574
21056 24563
18048 18727
-31271 23990
-31169 24363
31779 26094
29593 10117
26410 -5120
21477 -13264
15329 -15580
-29899 16563
28059 17555
31357 14089
30167 -6053
23601 -12533
-31569 13592
-29865 20176
-23706 26313
-18880 21149
-18846 18191
-20635 9725
-23868 -4364
-30531 17164
-30344 28824
-29752 29181
-29255 4921
-29123 -10540
-30619 4573
18707 4672
31196 -5401
24314 -27083
-28641 22610
-28455 23737
28635 -2857
29631 -26276
-28673 5364
-27262 26559
16525 13142
29982 -10109
22636 -27006
-10258 19620
-6501 27531
4155 29884
28571 28897
31064 27063
28375 -6126
20988 -26122
31610 17996
31749 8093
31746 2862
30272 -5769
24085 -24500
-30986 11862
-30956 31552
26572 -13181
18122 -31020
-29205 12653
-28717 29358
-26716 31924
-16233 30844
-10948 27203
31586 -4547
21306 -29697
-22284 22809
-20345 28539
23057 -12245
26440 -19689
-22132 14825
-18950 28918
-16260 30894
3217 31495
15919 29373
31391 24940
31652 -10230
31445 -23746
27297 -30388
15766 -31926
-22397 15433
16014 -8028
30773 -28030
28859 -31186
19753 -31990
-25564 22980
-23483 28964
-19450 29874
-14240 30892
-3266 31603
7413 31962
31837 2492
30580 -29784
24298 -30545
17415 28089
-30891 28560
10013 30330
25356 30472
27661 30338
29959 29903
30514 29059
30466 25374
29610 6647
29249 4734
-11318 -22186
22454 9861
31399 16490
19967 -15158
-31273 16102
-26343 27113
-4339 30610
4078 30764
31028 30382
31259 -15546
22455 -25320
-27861 30464
-8307 30114
26957 -23341
30098 -29945
18654 -31390
-31938 29819
-21800 31523
-7201 31883
9142 31194
24025 28284
30046 14538
31518 -17412
29240 -20241
-22948 29679
-5685 30361
23443 31236
31993 6007
31966 -1254
30141 -14422
15340 -26319
-1994 20754
21310 16424
12404 -27986
-14727 26501
-8519 30379
-2200 31487
12972 31846
24311 31016
31197 26252
28130 12592
6987 -13649
17984 17612
31066 29019
26598 1651
19701 -25082
27237 19466
31273 22463
31559 20711
30504 15053
16650 -89
-31683 15421
-22264 26363
-20041 23256
-19065 -23389
31951 15363
31619 -654
30209 -22651
20763 -24870
16623 -25772
13843 27435
16758 30978
17740 21277
19395 -20585
14301 -29826
11590 -31986
20383 30234
21598 30168
22008 30122
22519 28213
4925 6626
-31713 27251
-17257 31934
26295 28056
31465 15082
29771 -4216
-4731 -20790
21106 20330
23286 22380
27164 25122
30747 27206
31974 23862
29300 5871
27178 -1110
23213 -9028
10761 -14554
20704 9497
31846 18110
29617 7388
21943 2039
-3533 -14661
-31234 20849
-30444 20771
28255 1319
28472 -2504
12816 -15684
5820 -20589
-28611 30118
-13692 29848
31162 -5538
31698 -9136
30878 -16079
28553 -25498
25843 -26413
-29998 20442
-27267 28140
-25844 17359
-24597 1893
-24800 -1773
-25820 3539
-24637 12434
-21433 21793
-18805 28113
-13986 31028
-3812 31432
28719 -25924
29076 -29355
-18591 12012
-12308 27674
-9733 31277
31029 29952
31927 23161
31816 15096
29429 -15353
20077 -27054
-19372 15640
24520 535
30893 -30117
27903 -30375
-24825 12015
20648 -13716
15469 -29241
7834 20032
25895 30875
21941 22796
-24196 23936
-19435 29821
8984 29726
17069 17314
10851 -31953
10296 25577
13850 29636
15788 30118
31802 28771
31966 28751
30419 13984
30111 11955
22366 6287
-23283 31850
31995 7404
31462 -23432
27951 -31292
-30992 7311
-31319 24853
-31160 27742
-26657 24971
22410 -31361
-28717 9788
-27901 19828
-21233 29094
-6940 31758
15117 31337
30883 10534
30158 -5555
18161 -13504
-27037 23187
4956 30466
30606 1568
30715 -16928
30030 -24235
-30017 5101
-29548 6602
22498 -4283
25311 -20262
22561 -31688
-29330 13862
-26236 29141
-24276 30132
-16379 31132
17900 30456
23264 29007
23833 28106
31021 -13258
15339 -19732
26563 28655
30931 -26843
30956 -31895
10809 -31934
25316 27158
29253 28837
31603 26123
31600 7886
28798 -13686
24297 -20273
-31877 29033
-22985 31329
-16907 31195
21240 26128
232 183
-13560 25817
-3577 30891
-6788 21655
-13130 5896
-17128 -3062
-12496 14505
-4862 29159
16874 31519
23122 28647
29157 6053
28559 -11696
27741 -24460
19737 -29420
-31648 10925
-22191 22299
8226 27387
28014 -12478
29670 -16077
-8276 16670
-4456 19000
27307 -21998
25925 -24265
22224 -28428
29703 31837
30761 27270
31995 21234
31811 3986
28118 -7690
-29403 20269
-28324 21449
-25787 22766
931 31987
14341 21588
25062 12844
-13353 -22420
-27766 15474
-24710 21791
-18924 22444
24493 -7831
29934 -13512
24950 -31486
-29833 16652
-5309 30267
22599 24429
28502 17463
31507 5041
31935 -7716
28332 -17107
21856 -23584
18581 -24435
18139 20628
30385 -27043
19601 -29883
23883 26729
24969 26304
26609 16955
28147 4398
29421 -17647
25799 -21904
23166 -23407
16062 -25256
28682 28358
-26913 20066
-15622 28884
-12357 30462
1918 31854
10027 30716
15693 26585
30670 -27102
29292 -27289
22063 27052
26266 27945
31534 29026
30125 -9925
29464 -25490
26544 -31096
30798 26998
-31475 7324
-30140 18377
-26535 30167
-18169 31129
1274 30632
13098 28398
23819 23707
31511 2366
20001 -8406
-11143 -23801
2371 31010
7170 31558
8214 31082
8672 26759
-2891 7412
-6723 1858
1226 16684
5996 23886
13297 29726
17292 30762
23954 30963
31214 27507
29725 -3373
-18635 -30520
19117 12936
28734 21580
31899 20986
30864 13827
3759 -6544
-29488 31909
30090 10879
31275 6582
24681 2089
-28732 14423
29058 4011
30045 3345
31672 1333
31739 -230
31780 -1970
30937 -7896
-8535 -23364
-31330 17591
27444 -11574
30650 -14401
31953 -17475
31903 -28051
7433 -29724
20915 22057
-31739 10746
-30621 17037
-30407 18152
-28243 25875
-25002 30982
-23510 31647
8073 31687
31230 30496
30358 -18098
28073 -18700
14195 15709
25283 19257
30064 -10025
29263 -31313
8214 -31913
-10322 25155
-441 29525
31379 26977
-31086 21585
-20147 29876
-15903 30969
29741 25368
31901 -16019
21096 -21256
26215 28553
-30622 24182
-24850 26669
-14318 21272
6058 -31762
-25619 27229
-24134 31829
-22344 30659
-16225 24430
-17183 8943
-19823 -1205
-18220 15908
-14483 27944
-9775 31153
-812 31485
29291 -4056
31573 -7574
30980 -12696
30249 -14891
27921 -16076
14898 -20154
-20536 21320
19859 -23115
14270 -31315
-28775 19492
-18606 30233
27524 -16820
31689 -21608
31442 -26909
28495 -29499
12684 -30776
9741 -30993
-31258 18369
-30856 22567
-28864 31191
2484 31040
31040 -23582
30702 -30602
28103 -31294
-29125 29354
-11825 31692
-6285 31944
19625 31806
22504 31200
30975 19225
30584 11000
28362 -4002
25383 -21671
8247 -28068
-843 -30309
-5916 -30910
-23888 28625
-23081 31558
6091 31856
5513 19635
-3997 5788
-692 23389
4856 31803
24566 31258
31460 8636
15052 -24384
9510 -29727
-21661 -31639
-17059 30313
17438 30253
31017 10995
30879 -8252
28284 -9907
22297 31629
30828 -15921
13595 -23546
10542 15571
18747 24502
21968 27545
27477 31663
10656 -1147
-20720 29331
29367 31461
31899 -5118
31618 -12402
29935 -18143
28294 -19853
7062 -31763
29118 31454
30618 31791
31425 31470
31729 29399
6417 3345
-53 -2959
23993 22297
28821 26114
28187 23968
27688 23274
26042 21101
-2878 -6994
-29757 11172
31540 26046
31948 26004
25868 19177
23126 16676
-27608 21381
-22593 30285
28533 20644
29301 19993
30454 18381
29472 16127
-7212 -13241
-20823 27754
28789 13637
31539 -22463
24843 -25047
5772 -27525
-31443 31030
28157 -12201
13574 -18984
-29553 28437
-21366 28385
29713 3791
31242 2039
31908 -26292
30083 -27860
7304 -28972
-7429 28567
30527 17236
30254 -9672
26284 -28656
30859 21453
-31411 9543
16538 25060
17317 24955
-30917 19299
-30353 27543
-29798 27986
-24701 29833
-22995 5814
-23123 3536
-28770 -24993
-21370 19411
-16153 31096
14445 29817
10365 22495
470 6679
-5410 -1641
-29512 26538
23714 28981
31419 27212
31806 10828
31415 2447
30232 -4171
22346 -11601
-21981 19021
-17236 28486
-13781 29146
7815 31702
27083 -5590
19696 -25059
-17660 31195
-10868 31476
-6269 31642
-685 29784
22805 13432
28150 5360
30094 -22364
29422 -24301
-2762 10589
16384 30850
31248 -17963
26555 -30654
-172 29259
6296 31074
-4182 10159
-14494 -7068
-794 16736
2691 22087
10393 31081
13455 30585
31767 -8732
29015 -28164
24121 -30419
3362 19221
9390 27681
11363 30368
13740 31729
25987 31710
30294 25811
29452 -25489
25852 -31349
21180 -31444
3654 18766
15428 30328
19079 31497
20466 31933
27047 31770
31350 29801
30682 14595
28665 -11062
13843 -17372
4635 -20817
31822 14130
31988 6637
31298 -35
27052 -25102
26411 -25768
-31622 13042
-26214 31218
2347 31002
30889 -2874
23281 -29234
17642 17858
-31581 31020
-26375 31565
-16507 30617
31171 3698
30286 -7046
24871 -28857
-30937 20183
2401 26724
15276 28674
20349 24713
23122 19835
22777 9557
-26260 22937
-25819 28235
-23319 30162
-16686 31217
-7085 31897
26488 31684
31783 30826
31344 -15088
29497 -30376
27810 -31392
-31652 19018
-31161 27620
-30884 28375
-28012 30783
-25363 30560
25219 6449
23437 -3281
19296 -18340
15681 -29808
-26383 25369
-23703 28775
-13827 30215
-4001 31617
29359 18900
23177 -18328
-21396 15474
22488 10704
31333 -2949
29236 -17290
-28448 8066
-24861 13915
-20284 15028
31852 -23463
29557 -28208
17991 -29566
-31917 18465
-30953 21475
-26644 28240
-25682 28499
4194 31549
20448 31861
23067 29983
30848 -16472
27533 -24808
25646 -28118
-29559 22012
-26049 24884
-25049 23423
-24451 -3904
-24555 -5877
-30886 10175
-14834 27380
-8463 27925
2050 23372
28175 -18098
31926 -24101
105 -382
-27356 23358
-17288 31051
6902 31371
31152 30038
31757 28698
30209 24395
23671 15221
21930 13297
21131 12434
18604 9752
16087 7342
8996 1124
554 -6033
-27463 9327
31511 19092
31366 3889
30815 875
23927 -3117
1442 -15115
-27133 20349
-10845 31119
25807 5623
31825 -2103
31734 -21287
25281 -24307
-27816 13075
-23317 19548
-20242 17796
29216 -24506
31775 -27739
20942 -30029
12891 -30359
-31687 17784
-29888 29502
-22700 30956
-20407 30668
30605 7156
31454 4979
24329 -3257
7701 -12310
-29963 7243
-19056 29734
23842 -6373
30746 -20307
29981 -28680
23640 -30635
-29779 8066
23292 -6894
23333 -31766
12545 -31930
19020 27102
23842 31685
31869 28717
29036 17662
-31208 17430
-31283 28773
-31049 29620
-24881 23646
8900 -14922
7583 -17225
-23620 31966
-17888 27431
23661 -28746
11885 -30394
-16867 27761
-16193 30560
-15267 31128
-14690 31333
-10351 31584
-8575 29601
-13082 16410
-16645 6145
-25086 -17923
-10639 26433
-5909 31002
-1242 30418
-6675 14745
-24635 -20891
-4587 21613
1797 30659
25640 31468
11295 14795
-23919 -24911
17337 27709
23137 28137
28940 28089
24127 22491
-4187 -6087
-23921 12637
-21849 24613
-18269 28919
-15130 30637
6490 31912
12818 31913
16666 31355
19711 30791
28570 -14724
19996 -29341
15547 31140
20283 31793
24862 31452
31342 28895
31777 27039
